{"/Users/jatingarg/Desktop/Work/NewsApp/src/constants.ts": {"path":"/Users/jatingarg/Desktop/Work/NewsApp/src/constants.ts","statementMap":{"0":{"start":{"line":1,"column":36},"end":{"line":1,"column":59}},"1":{"start":{"line":2,"column":26},"end":{"line":2,"column":33}}},"fnMap":{},"branchMap":{},"s":{"0":3,"1":3},"f":{},"b":{},"_coverageSchema":"1a1c01bbd47fc00a2c39e90264f33305004495a9","hash":"b1489b6fe4e7a20814dc4dd0ec64299d8e3f1b67"}
,"/Users/jatingarg/Desktop/Work/NewsApp/src/images.ts": {"path":"/Users/jatingarg/Desktop/Work/NewsApp/src/images.ts","statementMap":{"0":{"start":{"line":1,"column":17},"end":{"line":1,"column":34}},"1":{"start":{"line":2,"column":22},"end":{"line":8,"column":1}}},"fnMap":{},"branchMap":{},"s":{"0":3,"1":3},"f":{},"b":{},"_coverageSchema":"1a1c01bbd47fc00a2c39e90264f33305004495a9","hash":"8de48fe3c8e5dfe76a5863cc7ef01b38c8dbdd06"}
,"/Users/jatingarg/Desktop/Work/NewsApp/src/theme.ts": {"path":"/Users/jatingarg/Desktop/Work/NewsApp/src/theme.ts","statementMap":{},"fnMap":{},"branchMap":{},"s":{},"f":{},"b":{},"_coverageSchema":"1a1c01bbd47fc00a2c39e90264f33305004495a9","hash":"12a37e938293bd26a66fa721263e16f6307c9a15"}
,"/Users/jatingarg/Desktop/Work/NewsApp/src/assets/images/calendar.png": {"path":"/Users/jatingarg/Desktop/Work/NewsApp/src/assets/images/calendar.png","statementMap":{"0":{"start":{"line":1,"column":0},"end":{"line":4,"column":6}}},"fnMap":{},"branchMap":{},"s":{"0":3},"f":{},"b":{},"inputSourceMap":null,"_coverageSchema":"1a1c01bbd47fc00a2c39e90264f33305004495a9","hash":"15218a7e9c1b148696348e9efdf328162e99cb18"}
,"/Users/jatingarg/Desktop/Work/NewsApp/src/assets/images/menu.png": {"path":"/Users/jatingarg/Desktop/Work/NewsApp/src/assets/images/menu.png","statementMap":{"0":{"start":{"line":1,"column":0},"end":{"line":4,"column":6}}},"fnMap":{},"branchMap":{},"s":{"0":3},"f":{},"b":{},"inputSourceMap":null,"_coverageSchema":"1a1c01bbd47fc00a2c39e90264f33305004495a9","hash":"01412147a69e690f9e5aa0fdd65cc6a221d7f8b8"}
,"/Users/jatingarg/Desktop/Work/NewsApp/src/assets/images/more.png": {"path":"/Users/jatingarg/Desktop/Work/NewsApp/src/assets/images/more.png","statementMap":{"0":{"start":{"line":1,"column":0},"end":{"line":4,"column":6}}},"fnMap":{},"branchMap":{},"s":{"0":3},"f":{},"b":{},"inputSourceMap":null,"_coverageSchema":"1a1c01bbd47fc00a2c39e90264f33305004495a9","hash":"a5e08e0031a453056858ef4ecfefddab89ce9e28"}
,"/Users/jatingarg/Desktop/Work/NewsApp/src/assets/images/next.png": {"path":"/Users/jatingarg/Desktop/Work/NewsApp/src/assets/images/next.png","statementMap":{"0":{"start":{"line":1,"column":0},"end":{"line":4,"column":6}}},"fnMap":{},"branchMap":{},"s":{"0":3},"f":{},"b":{},"inputSourceMap":null,"_coverageSchema":"1a1c01bbd47fc00a2c39e90264f33305004495a9","hash":"42f22333eb1c65f9a61f4105b88003fb0a60dd09"}
,"/Users/jatingarg/Desktop/Work/NewsApp/src/assets/images/search.png": {"path":"/Users/jatingarg/Desktop/Work/NewsApp/src/assets/images/search.png","statementMap":{"0":{"start":{"line":1,"column":0},"end":{"line":4,"column":6}}},"fnMap":{},"branchMap":{},"s":{"0":3},"f":{},"b":{},"inputSourceMap":null,"_coverageSchema":"1a1c01bbd47fc00a2c39e90264f33305004495a9","hash":"c7a9eeff5fc0f892b7966a571034d7207619bab1"}
,"/Users/jatingarg/Desktop/Work/NewsApp/src/hooks/index.ts": {"path":"/Users/jatingarg/Desktop/Work/NewsApp/src/hooks/index.ts","statementMap":{},"fnMap":{},"branchMap":{},"s":{},"f":{},"b":{},"_coverageSchema":"1a1c01bbd47fc00a2c39e90264f33305004495a9","hash":"f8fd2af32b867e3759925a688aff9290ce3a0db9"}
,"/Users/jatingarg/Desktop/Work/NewsApp/src/hooks/useArticlesState.ts": {"path":"/Users/jatingarg/Desktop/Work/NewsApp/src/hooks/useArticlesState.ts","statementMap":{"0":{"start":{"line":4,"column":30},"end":{"line":5,"column":56}},"1":{"start":{"line":5,"column":2},"end":{"line":5,"column":56}},"2":{"start":{"line":5,"column":36},"end":{"line":5,"column":55}},"3":{"start":{"line":7,"column":37},"end":{"line":8,"column":70}},"4":{"start":{"line":8,"column":2},"end":{"line":8,"column":70}},"5":{"start":{"line":8,"column":36},"end":{"line":8,"column":69}},"6":{"start":{"line":10,"column":37},"end":{"line":11,"column":57}},"7":{"start":{"line":11,"column":2},"end":{"line":11,"column":57}},"8":{"start":{"line":11,"column":36},"end":{"line":11,"column":56}}},"fnMap":{"0":{"name":"(anonymous_0)","decl":{"start":{"line":4,"column":30},"end":{"line":4,"column":31}},"loc":{"start":{"line":5,"column":2},"end":{"line":5,"column":56}},"line":5},"1":{"name":"(anonymous_1)","decl":{"start":{"line":5,"column":14},"end":{"line":5,"column":15}},"loc":{"start":{"line":5,"column":36},"end":{"line":5,"column":55}},"line":5},"2":{"name":"(anonymous_2)","decl":{"start":{"line":7,"column":37},"end":{"line":7,"column":38}},"loc":{"start":{"line":8,"column":2},"end":{"line":8,"column":70}},"line":8},"3":{"name":"(anonymous_3)","decl":{"start":{"line":8,"column":14},"end":{"line":8,"column":15}},"loc":{"start":{"line":8,"column":36},"end":{"line":8,"column":69}},"line":8},"4":{"name":"(anonymous_4)","decl":{"start":{"line":10,"column":37},"end":{"line":10,"column":38}},"loc":{"start":{"line":11,"column":2},"end":{"line":11,"column":57}},"line":11},"5":{"name":"(anonymous_5)","decl":{"start":{"line":11,"column":14},"end":{"line":11,"column":15}},"loc":{"start":{"line":11,"column":36},"end":{"line":11,"column":56}},"line":11}},"branchMap":{},"s":{"0":2,"1":0,"2":0,"3":2,"4":0,"5":0,"6":2,"7":0,"8":0},"f":{"0":0,"1":0,"2":0,"3":0,"4":0,"5":0},"b":{},"_coverageSchema":"1a1c01bbd47fc00a2c39e90264f33305004495a9","hash":"b540ffe7d94392d2478eba74922fd66fcd93ddac"}
,"/Users/jatingarg/Desktop/Work/NewsApp/src/model/articles/actions.ts": {"path":"/Users/jatingarg/Desktop/Work/NewsApp/src/model/articles/actions.ts","statementMap":{"0":{"start":{"line":11,"column":29},"end":{"line":13,"column":2}},"1":{"start":{"line":11,"column":57},"end":{"line":13,"column":1}},"2":{"start":{"line":15,"column":36},"end":{"line":20,"column":2}},"3":{"start":{"line":17,"column":34},"end":{"line":20,"column":1}},"4":{"start":{"line":22,"column":36},"end":{"line":27,"column":2}},"5":{"start":{"line":24,"column":34},"end":{"line":27,"column":1}}},"fnMap":{"0":{"name":"(anonymous_0)","decl":{"start":{"line":11,"column":29},"end":{"line":11,"column":30}},"loc":{"start":{"line":11,"column":57},"end":{"line":13,"column":1}},"line":11},"1":{"name":"(anonymous_1)","decl":{"start":{"line":15,"column":36},"end":{"line":15,"column":37}},"loc":{"start":{"line":17,"column":34},"end":{"line":20,"column":1}},"line":17},"2":{"name":"(anonymous_2)","decl":{"start":{"line":22,"column":36},"end":{"line":22,"column":37}},"loc":{"start":{"line":24,"column":34},"end":{"line":27,"column":1}},"line":24}},"branchMap":{},"s":{"0":6,"1":10,"2":6,"3":4,"4":6,"5":4},"f":{"0":10,"1":4,"2":4},"b":{},"_coverageSchema":"1a1c01bbd47fc00a2c39e90264f33305004495a9","hash":"86029d9e14baafd7f69a95566e1ff227ce3a0897"}
,"/Users/jatingarg/Desktop/Work/NewsApp/src/model/articles/index.ts": {"path":"/Users/jatingarg/Desktop/Work/NewsApp/src/model/articles/index.ts","statementMap":{},"fnMap":{},"branchMap":{},"s":{},"f":{},"b":{},"_coverageSchema":"1a1c01bbd47fc00a2c39e90264f33305004495a9","hash":"537849f0f305bd752e98f10c73513d8721e23578"}
,"/Users/jatingarg/Desktop/Work/NewsApp/src/model/articles/reducer.ts": {"path":"/Users/jatingarg/Desktop/Work/NewsApp/src/model/articles/reducer.ts","statementMap":{"0":{"start":{"line":9,"column":36},"end":{"line":12,"column":1}},"1":{"start":{"line":18,"column":2},"end":{"line":39,"column":3}},"2":{"start":{"line":20,"column":6},"end":{"line":24,"column":8}},"3":{"start":{"line":26,"column":6},"end":{"line":30,"column":8}},"4":{"start":{"line":32,"column":6},"end":{"line":36,"column":8}},"5":{"start":{"line":38,"column":6},"end":{"line":38,"column":19}}},"fnMap":{"0":{"name":"(anonymous_0)","decl":{"start":{"line":14,"column":15},"end":{"line":14,"column":16}},"loc":{"start":{"line":17,"column":20},"end":{"line":40,"column":1}},"line":17}},"branchMap":{"0":{"loc":{"start":{"line":15,"column":2},"end":{"line":15,"column":22}},"type":"default-arg","locations":[{"start":{"line":15,"column":10},"end":{"line":15,"column":22}}],"line":15},"1":{"loc":{"start":{"line":18,"column":2},"end":{"line":39,"column":3}},"type":"switch","locations":[{"start":{"line":19,"column":4},"end":{"line":24,"column":8}},{"start":{"line":25,"column":4},"end":{"line":30,"column":8}},{"start":{"line":31,"column":4},"end":{"line":36,"column":8}},{"start":{"line":37,"column":4},"end":{"line":38,"column":19}}],"line":18}},"s":{"0":6,"1":3,"2":1,"3":1,"4":1,"5":0},"f":{"0":3},"b":{"0":[0],"1":[1,1,1,0]},"_coverageSchema":"1a1c01bbd47fc00a2c39e90264f33305004495a9","hash":"2be42e159b322ae23852f831a6bd89df660b60d2"}
,"/Users/jatingarg/Desktop/Work/NewsApp/src/model/articles/sagas.ts": {"path":"/Users/jatingarg/Desktop/Work/NewsApp/src/model/articles/sagas.ts","statementMap":{"0":{"start":{"line":5,"column":34},"end":{"line":60,"column":1}},"1":{"start":{"line":6,"column":2},"end":{"line":59,"column":5}},"2":{"start":{"line":17,"column":8},"end":{"line":17,"column":12}},"3":{"start":{"line":21,"column":4},"end":{"line":44,"column":5}},"4":{"start":{"line":22,"column":16},"end":{"line":22,"column":30}},"5":{"start":{"line":24,"column":6},"end":{"line":43,"column":7}},"6":{"start":{"line":25,"column":26},"end":{"line":25,"column":57}},"7":{"start":{"line":26,"column":8},"end":{"line":42,"column":9}},"8":{"start":{"line":27,"column":28},"end":{"line":29,"column":16}},"9":{"start":{"line":28,"column":19},"end":{"line":28,"column":52}},"10":{"start":{"line":30,"column":30},"end":{"line":32,"column":16}},"11":{"start":{"line":31,"column":19},"end":{"line":31,"column":53}},"12":{"start":{"line":33,"column":29},"end":{"line":35,"column":16}},"13":{"start":{"line":34,"column":19},"end":{"line":34,"column":53}},"14":{"start":{"line":37,"column":10},"end":{"line":41,"column":12}},"15":{"start":{"line":46,"column":32},"end":{"line":56,"column":5}},"16":{"start":{"line":58,"column":4},"end":{"line":58,"column":24}},"17":{"start":{"line":63,"column":2},"end":{"line":63,"column":101}},"18":{"start":{"line":65,"column":2},"end":{"line":73,"column":3}},"19":{"start":{"line":66,"column":21},"end":{"line":66,"column":51}},"20":{"start":{"line":67,"column":25},"end":{"line":67,"column":46}},"21":{"start":{"line":68,"column":22},"end":{"line":68,"column":34}},"22":{"start":{"line":69,"column":29},"end":{"line":69,"column":56}},"23":{"start":{"line":70,"column":4},"end":{"line":70,"column":54}},"24":{"start":{"line":72,"column":4},"end":{"line":72,"column":39}},"25":{"start":{"line":77,"column":2},"end":{"line":77,"column":47}}},"fnMap":{"0":{"name":"(anonymous_0)","decl":{"start":{"line":5,"column":34},"end":{"line":5,"column":35}},"loc":{"start":{"line":5,"column":69},"end":{"line":60,"column":1}},"line":5},"1":{"name":"(anonymous_1)","decl":{"start":{"line":6,"column":25},"end":{"line":6,"column":26}},"loc":{"start":{"line":6,"column":35},"end":{"line":59,"column":3}},"line":6},"2":{"name":"(anonymous_2)","decl":{"start":{"line":28,"column":12},"end":{"line":28,"column":13}},"loc":{"start":{"line":28,"column":19},"end":{"line":28,"column":52}},"line":28},"3":{"name":"(anonymous_3)","decl":{"start":{"line":31,"column":12},"end":{"line":31,"column":13}},"loc":{"start":{"line":31,"column":19},"end":{"line":31,"column":53}},"line":31},"4":{"name":"(anonymous_4)","decl":{"start":{"line":34,"column":12},"end":{"line":34,"column":13}},"loc":{"start":{"line":34,"column":19},"end":{"line":34,"column":53}},"line":34},"5":{"name":"getArticles","decl":{"start":{"line":64,"column":17},"end":{"line":64,"column":28}},"loc":{"start":{"line":64,"column":31},"end":{"line":74,"column":1}},"line":64},"6":{"name":"watchFetchArticles","decl":{"start":{"line":76,"column":10},"end":{"line":76,"column":28}},"loc":{"start":{"line":76,"column":31},"end":{"line":78,"column":1}},"line":76}},"branchMap":{"0":{"loc":{"start":{"line":21,"column":4},"end":{"line":44,"column":5}},"type":"if","locations":[{"start":{"line":21,"column":4},"end":{"line":44,"column":5}},{"start":{"line":21,"column":4},"end":{"line":44,"column":5}}],"line":21},"1":{"loc":{"start":{"line":21,"column":8},"end":{"line":21,"column":37}},"type":"binary-expr","locations":[{"start":{"line":21,"column":8},"end":{"line":21,"column":13}},{"start":{"line":21,"column":17},"end":{"line":21,"column":37}}],"line":21},"2":{"loc":{"start":{"line":24,"column":6},"end":{"line":43,"column":7}},"type":"if","locations":[{"start":{"line":24,"column":6},"end":{"line":43,"column":7}},{"start":{"line":24,"column":6},"end":{"line":43,"column":7}}],"line":24},"3":{"loc":{"start":{"line":26,"column":8},"end":{"line":42,"column":9}},"type":"if","locations":[{"start":{"line":26,"column":8},"end":{"line":42,"column":9}},{"start":{"line":26,"column":8},"end":{"line":42,"column":9}}],"line":26}},"s":{"0":6,"1":1,"2":2,"3":2,"4":2,"5":2,"6":2,"7":2,"8":2,"9":2,"10":2,"11":3,"12":2,"13":3,"14":2,"15":2,"16":2,"17":6,"18":2,"19":2,"20":1,"21":1,"22":1,"23":1,"24":1,"25":1},"f":{"0":1,"1":2,"2":2,"3":3,"4":3,"5":2,"6":1},"b":{"0":[2,0],"1":[2,2],"2":[2,0],"3":[2,0]},"_coverageSchema":"1a1c01bbd47fc00a2c39e90264f33305004495a9","hash":"79a737d616cd8ed8b31cb8a6aabde4cdb8d12e31"}
,"/Users/jatingarg/Desktop/Work/NewsApp/src/model/articles/types.ts": {"path":"/Users/jatingarg/Desktop/Work/NewsApp/src/model/articles/types.ts","statementMap":{"0":{"start":{"line":25,"column":30},"end":{"line":25,"column":46}},"1":{"start":{"line":26,"column":38},"end":{"line":26,"column":62}},"2":{"start":{"line":27,"column":38},"end":{"line":27,"column":62}}},"fnMap":{},"branchMap":{},"s":{"0":6,"1":6,"2":6},"f":{},"b":{},"_coverageSchema":"1a1c01bbd47fc00a2c39e90264f33305004495a9","hash":"e128815dea7edcf1f984b43d350609e900632104"}
,"/Users/jatingarg/Desktop/Work/NewsApp/src/modules/Articles/ArticleDetail.screen.tsx": {"path":"/Users/jatingarg/Desktop/Work/NewsApp/src/modules/Articles/ArticleDetail.screen.tsx","statementMap":{"0":{"start":{"line":11,"column":18},"end":{"line":11,"column":78}},"1":{"start":{"line":11,"column":32},"end":{"line":11,"column":52}},"2":{"start":{"line":13,"column":54},"end":{"line":13,"column":61}},"3":{"start":{"line":15,"column":2},"end":{"line":49,"column":4}},"4":{"start":{"line":52,"column":15},"end":{"line":98,"column":2}}},"fnMap":{"0":{"name":"(anonymous_0)","decl":{"start":{"line":10,"column":15},"end":{"line":10,"column":16}},"loc":{"start":{"line":10,"column":60},"end":{"line":50,"column":1}},"line":10},"1":{"name":"(anonymous_1)","decl":{"start":{"line":11,"column":26},"end":{"line":11,"column":27}},"loc":{"start":{"line":11,"column":32},"end":{"line":11,"column":52}},"line":11}},"branchMap":{"0":{"loc":{"start":{"line":18,"column":9},"end":{"line":25,"column":9}},"type":"binary-expr","locations":[{"start":{"line":18,"column":9},"end":{"line":18,"column":26}},{"start":{"line":19,"column":10},"end":{"line":24,"column":12}}],"line":18}},"s":{"0":7,"1":7,"2":7,"3":7,"4":2},"f":{"0":7,"1":7},"b":{"0":[7,6]},"_coverageSchema":"1a1c01bbd47fc00a2c39e90264f33305004495a9","hash":"bd05a1eec766977f38d66ede8e1715af0beae47d"}
,"/Users/jatingarg/Desktop/Work/NewsApp/src/modules/Articles/ArticlesList.screen.tsx": {"path":"/Users/jatingarg/Desktop/Work/NewsApp/src/modules/Articles/ArticlesList.screen.tsx","statementMap":{"0":{"start":{"line":22,"column":19},"end":{"line":22,"column":32}},"1":{"start":{"line":23,"column":19},"end":{"line":23,"column":35}},"2":{"start":{"line":24,"column":21},"end":{"line":24,"column":44}},"3":{"start":{"line":25,"column":16},"end":{"line":25,"column":39}},"4":{"start":{"line":26,"column":21},"end":{"line":26,"column":36}},"5":{"start":{"line":28,"column":2},"end":{"line":32,"column":4}},"6":{"start":{"line":30,"column":6},"end":{"line":30,"column":32}},"7":{"start":{"line":34,"column":2},"end":{"line":44,"column":9}},"8":{"start":{"line":35,"column":4},"end":{"line":43,"column":7}},"9":{"start":{"line":36,"column":24},"end":{"line":36,"column":64}},"10":{"start":{"line":38,"column":8},"end":{"line":41,"column":15}},"11":{"start":{"line":46,"column":2},"end":{"line":51,"column":14}},"12":{"start":{"line":47,"column":4},"end":{"line":47,"column":23}},"13":{"start":{"line":48,"column":4},"end":{"line":50,"column":5}},"14":{"start":{"line":49,"column":6},"end":{"line":49,"column":45}},"15":{"start":{"line":53,"column":26},"end":{"line":55,"column":8}},"16":{"start":{"line":54,"column":4},"end":{"line":54,"column":51}},"17":{"start":{"line":57,"column":21},"end":{"line":66,"column":3}},"18":{"start":{"line":59,"column":6},"end":{"line":63,"column":8}},"19":{"start":{"line":62,"column":23},"end":{"line":62,"column":44}},"20":{"start":{"line":68,"column":2},"end":{"line":77,"column":4}},"21":{"start":{"line":75,"column":30},"end":{"line":75,"column":48}}},"fnMap":{"0":{"name":"(anonymous_0)","decl":{"start":{"line":21,"column":15},"end":{"line":21,"column":16}},"loc":{"start":{"line":21,"column":21},"end":{"line":78,"column":1}},"line":21},"1":{"name":"(anonymous_1)","decl":{"start":{"line":29,"column":22},"end":{"line":29,"column":23}},"loc":{"start":{"line":29,"column":28},"end":{"line":31,"column":5}},"line":29},"2":{"name":"(anonymous_2)","decl":{"start":{"line":34,"column":18},"end":{"line":34,"column":19}},"loc":{"start":{"line":34,"column":24},"end":{"line":44,"column":3}},"line":34},"3":{"name":"(anonymous_3)","decl":{"start":{"line":36,"column":18},"end":{"line":36,"column":19}},"loc":{"start":{"line":36,"column":24},"end":{"line":36,"column":64}},"line":36},"4":{"name":"(anonymous_4)","decl":{"start":{"line":37,"column":19},"end":{"line":37,"column":20}},"loc":{"start":{"line":38,"column":8},"end":{"line":41,"column":15}},"line":38},"5":{"name":"(anonymous_5)","decl":{"start":{"line":46,"column":12},"end":{"line":46,"column":13}},"loc":{"start":{"line":46,"column":18},"end":{"line":51,"column":3}},"line":46},"6":{"name":"(anonymous_6)","decl":{"start":{"line":53,"column":38},"end":{"line":53,"column":39}},"loc":{"start":{"line":53,"column":57},"end":{"line":55,"column":3}},"line":53},"7":{"name":"(anonymous_7)","decl":{"start":{"line":58,"column":4},"end":{"line":58,"column":5}},"loc":{"start":{"line":59,"column":6},"end":{"line":63,"column":8}},"line":59},"8":{"name":"(anonymous_8)","decl":{"start":{"line":62,"column":17},"end":{"line":62,"column":18}},"loc":{"start":{"line":62,"column":23},"end":{"line":62,"column":44}},"line":62},"9":{"name":"(anonymous_9)","decl":{"start":{"line":75,"column":20},"end":{"line":75,"column":21}},"loc":{"start":{"line":75,"column":30},"end":{"line":75,"column":48}},"line":75}},"branchMap":{"0":{"loc":{"start":{"line":48,"column":4},"end":{"line":50,"column":5}},"type":"if","locations":[{"start":{"line":48,"column":4},"end":{"line":50,"column":5}},{"start":{"line":48,"column":4},"end":{"line":50,"column":5}}],"line":48}},"s":{"0":6,"1":6,"2":6,"3":6,"4":6,"5":6,"6":6,"7":6,"8":0,"9":0,"10":0,"11":6,"12":0,"13":0,"14":0,"15":6,"16":1,"17":6,"18":1,"19":1,"20":6,"21":0},"f":{"0":6,"1":6,"2":0,"3":0,"4":0,"5":0,"6":1,"7":1,"8":1,"9":0},"b":{"0":[0,0]},"_coverageSchema":"1a1c01bbd47fc00a2c39e90264f33305004495a9","hash":"69753eaf6e8dae9d67fb3eeca6e2d4df25e1b04b"}
,"/Users/jatingarg/Desktop/Work/NewsApp/src/modules/Articles/index.ts": {"path":"/Users/jatingarg/Desktop/Work/NewsApp/src/modules/Articles/index.ts","statementMap":{},"fnMap":{},"branchMap":{},"s":{},"f":{},"b":{},"_coverageSchema":"1a1c01bbd47fc00a2c39e90264f33305004495a9","hash":"5c21c7944f97a9e9fb6ace8588a0887fb0cc1d90"}
,"/Users/jatingarg/Desktop/Work/NewsApp/src/modules/Articles/atomic-components/Article.row.tsx": {"path":"/Users/jatingarg/Desktop/Work/NewsApp/src/modules/Articles/atomic-components/Article.row.tsx","statementMap":{"0":{"start":{"line":18,"column":26},"end":{"line":62,"column":1}},"1":{"start":{"line":20,"column":54},"end":{"line":20,"column":61}},"2":{"start":{"line":21,"column":4},"end":{"line":60,"column":6}},"3":{"start":{"line":64,"column":15},"end":{"line":110,"column":2}}},"fnMap":{"0":{"name":"(anonymous_0)","decl":{"start":{"line":19,"column":2},"end":{"line":19,"column":3}},"loc":{"start":{"line":19,"column":56},"end":{"line":61,"column":3}},"line":19}},"branchMap":{"0":{"loc":{"start":{"line":28,"column":13},"end":{"line":35,"column":13}},"type":"binary-expr","locations":[{"start":{"line":28,"column":13},"end":{"line":28,"column":29}},{"start":{"line":29,"column":14},"end":{"line":34,"column":16}}],"line":28}},"s":{"0":3,"1":5,"2":5,"3":3},"f":{"0":5},"b":{"0":[5,5]},"_coverageSchema":"1a1c01bbd47fc00a2c39e90264f33305004495a9","hash":"fe33905cee022828c729c16802cb38c3ab8d9982"}
,"/Users/jatingarg/Desktop/Work/NewsApp/src/modules/Articles/atomic-components/NavigationButton.tsx": {"path":"/Users/jatingarg/Desktop/Work/NewsApp/src/modules/Articles/atomic-components/NavigationButton.tsx","statementMap":{"0":{"start":{"line":14,"column":32},"end":{"line":26,"column":1}},"1":{"start":{"line":19,"column":2},"end":{"line":25,"column":4}},"2":{"start":{"line":28,"column":15},"end":{"line":36,"column":2}}},"fnMap":{"0":{"name":"(anonymous_0)","decl":{"start":{"line":14,"column":32},"end":{"line":14,"column":33}},"loc":{"start":{"line":18,"column":29},"end":{"line":26,"column":1}},"line":18}},"branchMap":{},"s":{"0":3,"1":0,"2":3},"f":{"0":0},"b":{},"_coverageSchema":"1a1c01bbd47fc00a2c39e90264f33305004495a9","hash":"7e214406d8a426cafd22e03333b29d3218dec3ad"}
,"/Users/jatingarg/Desktop/Work/NewsApp/src/modules/Articles/atomic-components/index.ts": {"path":"/Users/jatingarg/Desktop/Work/NewsApp/src/modules/Articles/atomic-components/index.ts","statementMap":{},"fnMap":{},"branchMap":{},"s":{},"f":{},"b":{},"_coverageSchema":"1a1c01bbd47fc00a2c39e90264f33305004495a9","hash":"4db54972d88ef18fe77d23504c629334fb01fdc7"}
,"/Users/jatingarg/Desktop/Work/NewsApp/src/tests/utils.ts": {"path":"/Users/jatingarg/Desktop/Work/NewsApp/src/tests/utils.ts","statementMap":{"0":{"start":{"line":3,"column":22},"end":{"line":4,"column":28}},"1":{"start":{"line":3,"column":38},"end":{"line":4,"column":28}},"2":{"start":{"line":4,"column":2},"end":{"line":4,"column":28}}},"fnMap":{"0":{"name":"(anonymous_0)","decl":{"start":{"line":3,"column":22},"end":{"line":3,"column":23}},"loc":{"start":{"line":3,"column":38},"end":{"line":4,"column":28}},"line":3},"1":{"name":"(anonymous_1)","decl":{"start":{"line":3,"column":38},"end":{"line":3,"column":39}},"loc":{"start":{"line":4,"column":2},"end":{"line":4,"column":28}},"line":4}},"branchMap":{},"s":{"0":2,"1":10,"2":156},"f":{"0":10,"1":156},"b":{},"_coverageSchema":"1a1c01bbd47fc00a2c39e90264f33305004495a9","hash":"06179ce1807a3cb0417ee73472ef59399ffccb43"}
,"/Users/jatingarg/Desktop/Work/NewsApp/src/tests/test-data/articles.ts": {"path":"/Users/jatingarg/Desktop/Work/NewsApp/src/tests/test-data/articles.ts","statementMap":{"0":{"start":{"line":4,"column":32},"end":{"line":33,"column":1}},"1":{"start":{"line":36,"column":24},"end":{"line":81,"column":1}}},"fnMap":{},"branchMap":{},"s":{"0":6,"1":6},"f":{},"b":{},"_coverageSchema":"1a1c01bbd47fc00a2c39e90264f33305004495a9","hash":"97b8936d4a8d42e589c1a8fac83ea78db45d7105"}
}
