TN:
SF:src/constants.ts
FNF:0
FNH:0
DA:1,3
DA:2,3
LF:2
LH:2
BRF:0
BRH:0
end_of_record
TN:
SF:src/images.ts
FNF:0
FNH:0
DA:1,3
DA:2,3
LF:2
LH:2
BRF:0
BRH:0
end_of_record
TN:
SF:src/theme.ts
FNF:0
FNH:0
LF:0
LH:0
BRF:0
BRH:0
end_of_record
TN:
SF:src/assets/images/calendar.png
FNF:0
FNH:0
DA:1,3
LF:1
LH:1
BRF:0
BRH:0
end_of_record
TN:
SF:src/assets/images/menu.png
FNF:0
FNH:0
DA:1,3
LF:1
LH:1
BRF:0
BRH:0
end_of_record
TN:
SF:src/assets/images/more.png
FNF:0
FNH:0
DA:1,3
LF:1
LH:1
BRF:0
BRH:0
end_of_record
TN:
SF:src/assets/images/next.png
FNF:0
FNH:0
DA:1,3
LF:1
LH:1
BRF:0
BRH:0
end_of_record
TN:
SF:src/assets/images/search.png
FNF:0
FNH:0
DA:1,3
LF:1
LH:1
BRF:0
BRH:0
end_of_record
TN:
SF:src/hooks/index.ts
FNF:0
FNH:0
LF:0
LH:0
BRF:0
BRH:0
end_of_record
TN:
SF:src/hooks/useArticlesState.ts
FN:4,(anonymous_0)
FN:5,(anonymous_1)
FN:7,(anonymous_2)
FN:8,(anonymous_3)
FN:10,(anonymous_4)
FN:11,(anonymous_5)
FNF:6
FNH:0
FNDA:0,(anonymous_0)
FNDA:0,(anonymous_1)
FNDA:0,(anonymous_2)
FNDA:0,(anonymous_3)
FNDA:0,(anonymous_4)
FNDA:0,(anonymous_5)
DA:4,2
DA:5,0
DA:7,2
DA:8,0
DA:10,2
DA:11,0
LF:6
LH:3
BRF:0
BRH:0
end_of_record
TN:
SF:src/model/articles/actions.ts
FN:11,(anonymous_0)
FN:15,(anonymous_1)
FN:22,(anonymous_2)
FNF:3
FNH:3
FNDA:10,(anonymous_0)
FNDA:4,(anonymous_1)
FNDA:4,(anonymous_2)
DA:11,10
DA:15,6
DA:17,4
DA:22,6
DA:24,4
LF:5
LH:5
BRF:0
BRH:0
end_of_record
TN:
SF:src/model/articles/index.ts
FNF:0
FNH:0
LF:0
LH:0
BRF:0
BRH:0
end_of_record
TN:
SF:src/model/articles/reducer.ts
FN:14,(anonymous_0)
FNF:1
FNH:1
FNDA:3,(anonymous_0)
DA:9,6
DA:18,3
DA:20,1
DA:26,1
DA:32,1
DA:38,0
LF:6
LH:5
BRDA:15,0,0,0
BRDA:18,1,0,1
BRDA:18,1,1,1
BRDA:18,1,2,1
BRDA:18,1,3,0
BRF:5
BRH:3
end_of_record
TN:
SF:src/model/articles/sagas.ts
FN:5,(anonymous_0)
FN:6,(anonymous_1)
FN:28,(anonymous_2)
FN:31,(anonymous_3)
FN:34,(anonymous_4)
FN:64,getArticles
FN:76,watchFetchArticles
FNF:7
FNH:7
FNDA:1,(anonymous_0)
FNDA:2,(anonymous_1)
FNDA:2,(anonymous_2)
FNDA:3,(anonymous_3)
FNDA:3,(anonymous_4)
FNDA:2,getArticles
FNDA:1,watchFetchArticles
DA:5,6
DA:6,1
DA:17,2
DA:21,2
DA:22,2
DA:24,2
DA:25,2
DA:26,2
DA:27,2
DA:28,2
DA:30,2
DA:31,3
DA:33,2
DA:34,3
DA:37,2
DA:46,2
DA:58,2
DA:63,6
DA:65,2
DA:66,2
DA:67,1
DA:68,1
DA:69,1
DA:70,1
DA:72,1
DA:77,1
LF:26
LH:26
BRDA:21,0,0,2
BRDA:21,0,1,0
BRDA:21,1,0,2
BRDA:21,1,1,2
BRDA:24,2,0,2
BRDA:24,2,1,0
BRDA:26,3,0,2
BRDA:26,3,1,0
BRF:8
BRH:5
end_of_record
TN:
SF:src/model/articles/types.ts
FNF:0
FNH:0
DA:25,6
DA:26,6
DA:27,6
LF:3
LH:3
BRF:0
BRH:0
end_of_record
TN:
SF:src/modules/Articles/ArticleDetail.screen.tsx
FN:10,(anonymous_0)
FN:11,(anonymous_1)
FNF:2
FNH:2
FNDA:7,(anonymous_0)
FNDA:7,(anonymous_1)
DA:11,7
DA:13,7
DA:15,7
DA:52,2
LF:4
LH:4
BRDA:18,0,0,7
BRDA:18,0,1,6
BRF:2
BRH:2
end_of_record
TN:
SF:src/modules/Articles/ArticlesList.screen.tsx
FN:21,(anonymous_0)
FN:29,(anonymous_1)
FN:34,(anonymous_2)
FN:36,(anonymous_3)
FN:37,(anonymous_4)
FN:46,(anonymous_5)
FN:53,(anonymous_6)
FN:58,(anonymous_7)
FN:62,(anonymous_8)
FN:75,(anonymous_9)
FNF:10
FNH:5
FNDA:6,(anonymous_0)
FNDA:6,(anonymous_1)
FNDA:0,(anonymous_2)
FNDA:0,(anonymous_3)
FNDA:0,(anonymous_4)
FNDA:0,(anonymous_5)
FNDA:1,(anonymous_6)
FNDA:1,(anonymous_7)
FNDA:1,(anonymous_8)
FNDA:0,(anonymous_9)
DA:22,6
DA:23,6
DA:24,6
DA:25,6
DA:26,6
DA:28,6
DA:30,6
DA:34,6
DA:35,0
DA:36,0
DA:38,0
DA:46,6
DA:47,0
DA:48,0
DA:49,0
DA:53,6
DA:54,1
DA:57,6
DA:59,1
DA:62,1
DA:68,6
DA:75,0
LF:22
LH:15
BRDA:48,0,0,0
BRDA:48,0,1,0
BRF:2
BRH:0
end_of_record
TN:
SF:src/modules/Articles/index.ts
FNF:0
FNH:0
LF:0
LH:0
BRF:0
BRH:0
end_of_record
TN:
SF:src/modules/Articles/atomic-components/Article.row.tsx
FN:19,(anonymous_0)
FNF:1
FNH:1
FNDA:5,(anonymous_0)
DA:18,3
DA:20,5
DA:21,5
DA:64,3
LF:4
LH:4
BRDA:28,0,0,5
BRDA:28,0,1,5
BRF:2
BRH:2
end_of_record
TN:
SF:src/modules/Articles/atomic-components/NavigationButton.tsx
FN:14,(anonymous_0)
FNF:1
FNH:0
FNDA:0,(anonymous_0)
DA:14,3
DA:19,0
DA:28,3
LF:3
LH:2
BRF:0
BRH:0
end_of_record
TN:
SF:src/modules/Articles/atomic-components/index.ts
FNF:0
FNH:0
LF:0
LH:0
BRF:0
BRH:0
end_of_record
TN:
SF:src/tests/utils.ts
FN:3,(anonymous_0)
FN:3,(anonymous_1)
FNF:2
FNH:2
FNDA:10,(anonymous_0)
FNDA:156,(anonymous_1)
DA:3,10
DA:4,156
LF:2
LH:2
BRF:0
BRH:0
end_of_record
TN:
SF:src/tests/test-data/articles.ts
FNF:0
FNH:0
DA:4,6
DA:36,6
LF:2
LH:2
BRF:0
BRH:0
end_of_record
